{
  "RSpec": {
    "coverage": {
      "/home/developer/Projects/testParse/lib/parser.rb": [
        1,
        1,
        null,
        1,
        1,
        1,
        25,
        25,
        25,
        25,
        null,
        null,
        1,
        3,
        null,
        null,
        1,
        3,
        3,
        null,
        null,
        1,
        3,
        3,
        null,
        null,
        1,
        4,
        4,
        4,
        4,
        4,
        4,
        4,
        4,
        null,
        null,
        1,
        4,
        4,
        4,
        4,
        null,
        4,
        null,
        null,
        1,
        18,
        18,
        18,
        18,
        18,
        18,
        18,
        18,
        18,
        18,
        18,
        18,
        18,
        18,
        450,
        450,
        450,
        450,
        450,
        450,
        450,
        450,
        450,
        450,
        null,
        18,
        null,
        null,
        1,
        1,
        1,
        null,
        null,
        1,
        2,
        2,
        2,
        2,
        2,
        2,
        2,
        2,
        null,
        null,
        null
      ]
    },
    "timestamp": 1575033935
  }
}
